SET
Timing is on.
BEGIN
Time: 19.094 ms
fast,10000000
INSERT 0 10000000
Time: 22262.046 ms (00:22.262)
ROLLBACK
Time: 19.933 ms
VACUUM
Time: 1485.249 ms (00:01.485)
BEGIN
Time: 30.723 ms
fast,1000000
INSERT 0 1000000
Time: 2038.319 ms (00:02.038)
ROLLBACK
Time: 21.633 ms
VACUUM
Time: 264.283 ms
BEGIN
Time: 19.408 ms
fast,100000
INSERT 0 100000
Time: 290.458 ms
ROLLBACK
Time: 23.776 ms
VACUUM
Time: 59.255 ms
BEGIN
Time: 19.884 ms
fast,10000
INSERT 0 10000
Time: 49.863 ms
ROLLBACK
Time: 19.202 ms
VACUUM
Time: 29.776 ms
BEGIN
Time: 18.543 ms
fast,1000
INSERT 0 1000
Time: 40.552 ms
ROLLBACK
Time: 29.044 ms
VACUUM
Time: 28.698 ms
SET
Timing is on.
BEGIN
Time: 21.426 ms
fast,1000
INSERT 0 1000
Time: 27.750 ms
ROLLBACK
Time: 19.845 ms
VACUUM
Time: 39.118 ms
BEGIN
Time: 19.173 ms
fast,10000
INSERT 0 10000
Time: 39.536 ms
ROLLBACK
Time: 19.613 ms
VACUUM
Time: 28.708 ms
BEGIN
Time: 18.580 ms
fast,100000
INSERT 0 100000
Time: 297.935 ms
ROLLBACK
Time: 26.783 ms
VACUUM
Time: 59.001 ms
BEGIN
Time: 20.033 ms
fast,1000000
INSERT 0 1000000
Time: 2249.274 ms (00:02.249)
ROLLBACK
Time: 25.822 ms
VACUUM
Time: 156.114 ms
BEGIN
Time: 22.085 ms
fast,10000000
INSERT 0 10000000
Time: 22528.663 ms (00:22.529)
ROLLBACK
Time: 26.866 ms
VACUUM
Time: 1509.293 ms (00:01.509)
SET
Timing is on.
BEGIN
Time: 19.797 ms
fast,10000000
INSERT 0 10000000
Time: 19690.851 ms (00:19.691)
ROLLBACK
Time: 22.077 ms
VACUUM
Time: 1411.775 ms (00:01.412)
BEGIN
Time: 24.894 ms
fast,1000000
INSERT 0 1000000
Time: 1920.763 ms (00:01.921)
ROLLBACK
Time: 18.599 ms
VACUUM
Time: 157.287 ms
BEGIN
Time: 19.123 ms
fast,100000
INSERT 0 100000
Time: 316.309 ms
ROLLBACK
Time: 22.805 ms
VACUUM
Time: 64.516 ms
BEGIN
Time: 21.950 ms
fast,10000
INSERT 0 10000
Time: 37.518 ms
ROLLBACK
Time: 19.524 ms
VACUUM
Time: 30.106 ms
BEGIN
Time: 18.817 ms
fast,1000
INSERT 0 1000
Time: 19.188 ms
ROLLBACK
Time: 29.843 ms
VACUUM
Time: 29.389 ms
SET
Timing is on.
BEGIN
Time: 19.017 ms
fast,1000
INSERT 0 1000
Time: 19.668 ms
ROLLBACK
Time: 19.880 ms
VACUUM
Time: 19.430 ms
BEGIN
Time: 20.006 ms
fast,10000
INSERT 0 10000
Time: 49.797 ms
ROLLBACK
Time: 28.996 ms
VACUUM
Time: 48.724 ms
BEGIN
Time: 19.881 ms
fast,100000
INSERT 0 100000
Time: 316.100 ms
ROLLBACK
Time: 18.494 ms
VACUUM
Time: 39.066 ms
BEGIN
Time: 20.138 ms
fast,1000000
INSERT 0 1000000
Time: 1969.935 ms (00:01.970)
ROLLBACK
Time: 18.284 ms
VACUUM
Time: 186.099 ms
BEGIN
Time: 20.741 ms
fast,10000000
INSERT 0 10000000
Time: 19275.053 ms (00:19.275)
ROLLBACK
Time: 23.270 ms
VACUUM
Time: 1470.473 ms (00:01.470)
SET
Timing is on.
BEGIN
Time: 19.605 ms
fast,10000000
INSERT 0 10000000
Time: 20069.176 ms (00:20.069)
ROLLBACK
Time: 26.215 ms
VACUUM
Time: 1406.966 ms (00:01.407)
BEGIN
Time: 20.421 ms
fast,1000000
INSERT 0 1000000
Time: 1822.933 ms (00:01.823)
ROLLBACK
Time: 18.563 ms
VACUUM
Time: 186.024 ms
BEGIN
Time: 27.589 ms
fast,100000
INSERT 0 100000
Time: 218.929 ms
ROLLBACK
Time: 32.416 ms
VACUUM
Time: 47.839 ms
BEGIN
Time: 28.200 ms
fast,10000
INSERT 0 10000
Time: 40.031 ms
ROLLBACK
Time: 18.647 ms
VACUUM
Time: 49.434 ms
BEGIN
Time: 31.985 ms
fast,1000
INSERT 0 1000
Time: 28.510 ms
ROLLBACK
Time: 27.758 ms
VACUUM
Time: 29.230 ms
SET
Timing is on.
BEGIN
Time: 20.219 ms
fast,1000
INSERT 0 1000
Time: 19.809 ms
ROLLBACK
Time: 19.121 ms
VACUUM
Time: 30.847 ms
BEGIN
Time: 24.622 ms
fast,10000
INSERT 0 10000
Time: 41.962 ms
ROLLBACK
Time: 20.143 ms
VACUUM
Time: 39.602 ms
BEGIN
Time: 19.387 ms
fast,100000
INSERT 0 100000
Time: 206.840 ms
ROLLBACK
Time: 19.270 ms
VACUUM
Time: 40.215 ms
BEGIN
Time: 36.155 ms
fast,1000000
INSERT 0 1000000
Time: 1866.638 ms (00:01.867)
ROLLBACK
Time: 25.996 ms
VACUUM
Time: 178.266 ms
BEGIN
Time: 19.060 ms
fast,10000000
INSERT 0 10000000
Time: 19847.865 ms (00:19.848)
ROLLBACK
Time: 23.235 ms
VACUUM
Time: 1511.699 ms (00:01.512)
SET
Timing is on.
BEGIN
Time: 19.046 ms
fast,10000000
INSERT 0 10000000
Time: 19574.178 ms (00:19.574)
ROLLBACK
Time: 19.812 ms
VACUUM
Time: 1515.844 ms (00:01.516)
BEGIN
Time: 25.132 ms
fast,1000000
INSERT 0 1000000
Time: 2023.086 ms (00:02.023)
ROLLBACK
Time: 20.136 ms
VACUUM
Time: 147.187 ms
BEGIN
Time: 19.489 ms
fast,100000
INSERT 0 100000
Time: 222.021 ms
ROLLBACK
Time: 24.033 ms
VACUUM
Time: 48.861 ms
BEGIN
Time: 20.072 ms
fast,10000
INSERT 0 10000
Time: 39.102 ms
ROLLBACK
Time: 21.341 ms
VACUUM
Time: 27.674 ms
BEGIN
Time: 20.042 ms
fast,1000
INSERT 0 1000
Time: 28.836 ms
ROLLBACK
Time: 20.248 ms
VACUUM
Time: 29.728 ms
SET
Timing is on.
BEGIN
Time: 27.586 ms
fast,1000
INSERT 0 1000
Time: 25.699 ms
ROLLBACK
Time: 29.380 ms
VACUUM
Time: 38.113 ms
BEGIN
Time: 18.378 ms
fast,10000
INSERT 0 10000
Time: 39.130 ms
ROLLBACK
Time: 20.142 ms
VACUUM
Time: 28.873 ms
BEGIN
Time: 20.062 ms
fast,100000
INSERT 0 100000
Time: 330.113 ms
ROLLBACK
Time: 23.819 ms
VACUUM
Time: 68.976 ms
BEGIN
Time: 20.133 ms
fast,1000000
INSERT 0 1000000
Time: 1839.915 ms (00:01.840)
ROLLBACK
Time: 20.598 ms
VACUUM
Time: 147.444 ms
BEGIN
Time: 19.387 ms
fast,10000000
INSERT 0 10000000
Time: 19125.705 ms (00:19.126)
ROLLBACK
Time: 46.190 ms
VACUUM
Time: 1428.006 ms (00:01.428)
SET
Timing is on.
BEGIN
Time: 33.206 ms
fast,10000000
INSERT 0 10000000
Time: 19863.789 ms (00:19.864)
ROLLBACK
Time: 29.984 ms
VACUUM
Time: 1503.723 ms (00:01.504)
BEGIN
Time: 21.653 ms
fast,1000000
INSERT 0 1000000
Time: 1898.440 ms (00:01.898)
ROLLBACK
Time: 21.587 ms
VACUUM
Time: 208.129 ms
BEGIN
Time: 18.419 ms
fast,100000
INSERT 0 100000
Time: 289.083 ms
ROLLBACK
Time: 25.460 ms
VACUUM
Time: 58.907 ms
BEGIN
Time: 22.265 ms
fast,10000
INSERT 0 10000
Time: 46.907 ms
ROLLBACK
Time: 29.385 ms
VACUUM
Time: 29.590 ms
BEGIN
Time: 18.954 ms
fast,1000
INSERT 0 1000
Time: 20.005 ms
ROLLBACK
Time: 19.325 ms
VACUUM
Time: 30.829 ms
SET
Timing is on.
BEGIN
Time: 20.040 ms
fast,1000
INSERT 0 1000
Time: 29.104 ms
ROLLBACK
Time: 19.948 ms
VACUUM
Time: 38.309 ms
BEGIN
Time: 29.881 ms
fast,10000
INSERT 0 10000
Time: 55.639 ms
ROLLBACK
Time: 37.978 ms
VACUUM
Time: 53.971 ms
BEGIN
Time: 19.297 ms
fast,100000
INSERT 0 100000
Time: 259.637 ms
ROLLBACK
Time: 26.476 ms
VACUUM
Time: 58.694 ms
BEGIN
Time: 21.719 ms
fast,1000000
INSERT 0 1000000
Time: 2043.646 ms (00:02.044)
ROLLBACK
Time: 21.666 ms
VACUUM
Time: 184.206 ms
BEGIN
Time: 22.921 ms
fast,10000000
INSERT 0 10000000
Time: 20039.275 ms (00:20.039)
ROLLBACK
Time: 27.202 ms
VACUUM
Time: 1408.107 ms (00:01.408)
SET
Timing is on.
BEGIN
Time: 19.134 ms
slow,10000000
INSERT 0 10000000
Time: 51859.564 ms (00:51.860)
ROLLBACK
Time: 19.979 ms
VACUUM
Time: 1300.223 ms (00:01.300)
BEGIN
Time: 19.024 ms
slow,1000000
INSERT 0 1000000
Time: 5206.107 ms (00:05.206)
ROLLBACK
Time: 22.050 ms
VACUUM
Time: 157.414 ms
BEGIN
Time: 21.664 ms
slow,100000
INSERT 0 100000
Time: 614.645 ms
ROLLBACK
Time: 25.489 ms
VACUUM
Time: 57.150 ms
BEGIN
Time: 19.956 ms
slow,10000
INSERT 0 10000
Time: 67.600 ms
ROLLBACK
Time: 20.102 ms
VACUUM
Time: 29.098 ms
BEGIN
Time: 20.132 ms
slow,1000
INSERT 0 1000
Time: 29.738 ms
ROLLBACK
Time: 19.101 ms
VACUUM
Time: 29.137 ms
SET
Timing is on.
BEGIN
Time: 26.212 ms
slow,1000
INSERT 0 1000
Time: 36.775 ms
ROLLBACK
Time: 24.756 ms
VACUUM
Time: 49.225 ms
BEGIN
Time: 23.208 ms
slow,10000
INSERT 0 10000
Time: 75.946 ms
ROLLBACK
Time: 19.124 ms
VACUUM
Time: 30.026 ms
BEGIN
Time: 18.751 ms
slow,100000
INSERT 0 100000
Time: 632.649 ms
ROLLBACK
Time: 26.967 ms
VACUUM
Time: 49.048 ms
BEGIN
Time: 20.101 ms
slow,1000000
INSERT 0 1000000
Time: 5535.819 ms (00:05.536)
ROLLBACK
Time: 27.238 ms
VACUUM
Time: 181.915 ms
BEGIN
Time: 23.793 ms
slow,10000000
INSERT 0 10000000
Time: 51580.832 ms (00:51.581)
ROLLBACK
Time: 23.577 ms
VACUUM
Time: 1410.290 ms (00:01.410)
SET
Timing is on.
BEGIN
Time: 37.490 ms
slow,10000000
INSERT 0 10000000
Time: 50787.212 ms (00:50.787)
ROLLBACK
Time: 28.770 ms
VACUUM
Time: 1490.248 ms (00:01.490)
BEGIN
Time: 27.247 ms
slow,1000000
INSERT 0 1000000
Time: 5093.385 ms (00:05.093)
ROLLBACK
Time: 26.819 ms
VACUUM
Time: 279.196 ms
BEGIN
Time: 24.785 ms
slow,100000
INSERT 0 100000
Time: 694.080 ms
ROLLBACK
Time: 24.883 ms
VACUUM
Time: 58.287 ms
BEGIN
Time: 19.944 ms
slow,10000
INSERT 0 10000
Time: 69.045 ms
ROLLBACK
Time: 19.222 ms
VACUUM
Time: 39.926 ms
BEGIN
Time: 29.172 ms
slow,1000
INSERT 0 1000
Time: 29.992 ms
ROLLBACK
Time: 19.050 ms
VACUUM
Time: 39.911 ms
SET
Timing is on.
BEGIN
Time: 19.953 ms
slow,1000
INSERT 0 1000
Time: 38.317 ms
ROLLBACK
Time: 29.998 ms
VACUUM
Time: 48.881 ms
BEGIN
Time: 29.182 ms
slow,10000
INSERT 0 10000
Time: 69.332 ms
ROLLBACK
Time: 511.689 ms
VACUUM
Time: 48.937 ms
BEGIN
Time: 11.086 ms
slow,100000
INSERT 0 100000
Time: 517.794 ms
ROLLBACK
Time: 34.882 ms
VACUUM
Time: 62.234 ms
BEGIN
Time: 26.010 ms
slow,1000000
INSERT 0 1000000
Time: 5189.437 ms (00:05.189)
ROLLBACK
Time: 26.544 ms
VACUUM
Time: 177.925 ms
BEGIN
Time: 19.796 ms
slow,10000000
INSERT 0 10000000
Time: 53638.330 ms (00:53.638)
ROLLBACK
Time: 22.398 ms
VACUUM
Time: 1308.694 ms (00:01.309)
SET
Timing is on.
BEGIN
Time: 19.882 ms
slow,10000000
INSERT 0 10000000
Time: 51504.953 ms (00:51.505)
ROLLBACK
Time: 29.465 ms
VACUUM
Time: 1404.156 ms (00:01.404)
BEGIN
Time: 23.755 ms
slow,1000000
INSERT 0 1000000
Time: 5403.033 ms (00:05.403)
ROLLBACK
Time: 22.206 ms
VACUUM
Time: 167.101 ms
BEGIN
Time: 28.501 ms
slow,100000
INSERT 0 100000
Time: 601.826 ms
ROLLBACK
Time: 29.051 ms
VACUUM
Time: 58.529 ms
BEGIN
Time: 19.874 ms
slow,10000
INSERT 0 10000
Time: 78.938 ms
ROLLBACK
Time: 255.727 ms
VACUUM
Time: 38.687 ms
BEGIN
Time: 30.307 ms
slow,1000
INSERT 0 1000
Time: 29.076 ms
ROLLBACK
Time: 30.386 ms
VACUUM
Time: 48.672 ms
SET
Timing is on.
BEGIN
Time: 35.320 ms
slow,1000
INSERT 0 1000
Time: 33.703 ms
ROLLBACK
Time: 29.921 ms
VACUUM
Time: 39.151 ms
BEGIN
Time: 29.973 ms
slow,10000
INSERT 0 10000
Time: 77.697 ms
ROLLBACK
Time: 29.480 ms
VACUUM
Time: 48.825 ms
BEGIN
Time: 30.094 ms
slow,100000
INSERT 0 100000
Time: 588.629 ms
ROLLBACK
Time: 21.247 ms
VACUUM
Time: 58.990 ms
BEGIN
Time: 23.428 ms
slow,1000000
INSERT 0 1000000
Time: 5527.638 ms (00:05.528)
ROLLBACK
Time: 22.128 ms
VACUUM
Time: 182.348 ms
BEGIN
Time: 14.589 ms
slow,10000000
INSERT 0 10000000
Time: 50878.989 ms (00:50.879)
ROLLBACK
Time: 15.618 ms
VACUUM
Time: 1338.915 ms (00:01.339)
SET
Timing is on.
BEGIN
Time: 28.987 ms
slow,10000000
INSERT 0 10000000
Time: 50560.110 ms (00:50.560)
ROLLBACK
Time: 29.297 ms
VACUUM
Time: 1458.151 ms (00:01.458)
BEGIN
Time: 28.528 ms
slow,1000000
INSERT 0 1000000
Time: 5193.634 ms (00:05.194)
ROLLBACK
Time: 261.157 ms
VACUUM
Time: 159.464 ms
BEGIN
Time: 28.055 ms
slow,100000
INSERT 0 100000
Time: 676.720 ms
ROLLBACK
Time: 21.452 ms
VACUUM
Time: 48.880 ms
BEGIN
Time: 20.040 ms
slow,10000
INSERT 0 10000
Time: 79.338 ms
ROLLBACK
Time: 29.118 ms
VACUUM
Time: 39.877 ms
BEGIN
Time: 29.012 ms
slow,1000
INSERT 0 1000
Time: 50.065 ms
ROLLBACK
Time: 28.062 ms
VACUUM
Time: 49.340 ms
SET
Timing is on.
BEGIN
Time: 31.294 ms
slow,1000
INSERT 0 1000
Time: 37.548 ms
ROLLBACK
Time: 29.449 ms
VACUUM
Time: 48.954 ms
BEGIN
Time: 31.016 ms
slow,10000
INSERT 0 10000
Time: 77.460 ms
ROLLBACK
Time: 19.927 ms
VACUUM
Time: 39.859 ms
BEGIN
Time: 590.068 ms
slow,100000
INSERT 0 100000
Time: 561.603 ms
ROLLBACK
Time: 29.176 ms
VACUUM
Time: 58.684 ms
BEGIN
Time: 29.800 ms
slow,1000000
INSERT 0 1000000
Time: 5206.097 ms (00:05.206)
ROLLBACK
Time: 22.582 ms
VACUUM
Time: 180.102 ms
BEGIN
Time: 26.018 ms
slow,10000000
INSERT 0 10000000
Time: 51072.231 ms (00:51.072)
ROLLBACK
Time: 28.831 ms
VACUUM
Time: 1392.329 ms (00:01.392)
SET
Timing is on.
BEGIN
Time: 29.434 ms
slow,10000000
INSERT 0 10000000
Time: 51093.079 ms (00:51.093)
ROLLBACK
Time: 18.873 ms
VACUUM
Time: 1486.746 ms (00:01.487)
BEGIN
Time: 32.606 ms
slow,1000000
INSERT 0 1000000
Time: 5137.612 ms (00:05.138)
ROLLBACK
Time: 28.616 ms
VACUUM
Time: 156.959 ms
BEGIN
Time: 29.590 ms
slow,100000
INSERT 0 100000
Time: 583.442 ms
ROLLBACK
Time: 26.875 ms
VACUUM
Time: 58.247 ms
BEGIN
Time: 29.848 ms
slow,10000
INSERT 0 10000
Time: 78.523 ms
ROLLBACK
Time: 22.529 ms
VACUUM
Time: 36.490 ms
BEGIN
Time: 29.137 ms
slow,1000
INSERT 0 1000
Time: 30.005 ms
ROLLBACK
Time: 30.128 ms
VACUUM
Time: 38.153 ms
SET
Timing is on.
BEGIN
Time: 19.055 ms
slow,1000
INSERT 0 1000
Time: 39.267 ms
ROLLBACK
Time: 29.977 ms
VACUUM
Time: 48.899 ms
BEGIN
Time: 29.268 ms
slow,10000
INSERT 0 10000
Time: 79.380 ms
ROLLBACK
Time: 29.125 ms
VACUUM
Time: 51.748 ms
BEGIN
Time: 47.525 ms
slow,100000
INSERT 0 100000
Time: 560.330 ms
ROLLBACK
Time: 31.800 ms
VACUUM
Time: 56.523 ms
BEGIN
Time: 29.320 ms
slow,1000000
INSERT 0 1000000
Time: 5342.734 ms (00:05.343)
ROLLBACK
Time: 31.204 ms
VACUUM
Time: 172.235 ms
BEGIN
Time: 16.664 ms
slow,10000000
INSERT 0 10000000
Time: 51889.275 ms (00:51.889)
ROLLBACK
Time: 29.271 ms
VACUUM
Time: 1415.974 ms (00:01.416)
